{"D:\\Harddisk\\ComputerScience\\Microverse\\JavaScript-Networking\\To-do-list-app\\src\\modules\\Task.js": {"path":"D:\\Harddisk\\ComputerScience\\Microverse\\JavaScript-Networking\\To-do-list-app\\src\\modules\\Task.js","statementMap":{"0":{"start":{"line":3,"column":4},"end":{"line":3,"column":35}},"1":{"start":{"line":4,"column":4},"end":{"line":4,"column":31}},"2":{"start":{"line":5,"column":4},"end":{"line":5,"column":17}}},"fnMap":{"0":{"name":"(anonymous_0)","decl":{"start":{"line":2,"column":2},"end":{"line":2,"column":3}},"loc":{"start":{"line":2,"column":42},"end":{"line":6,"column":3}},"line":2}},"branchMap":{},"s":{"0":12,"1":12,"2":12},"f":{"0":12},"b":{},"_coverageSchema":"1a1c01bbd47fc00a2c39e90264f33305004495a9","hash":"b3abcaf59dd22224fcd5bf46ecb7239b4f821ec2"}
,"D:\\Harddisk\\ComputerScience\\Microverse\\JavaScript-Networking\\To-do-list-app\\src\\modules\\addTask.js": {"path":"D:\\Harddisk\\ComputerScience\\Microverse\\JavaScript-Networking\\To-do-list-app\\src\\modules\\addTask.js","statementMap":{"0":{"start":{"line":5,"column":16},"end":{"line":13,"column":1}},"1":{"start":{"line":7,"column":2},"end":{"line":12,"column":3}},"2":{"start":{"line":8,"column":20},"end":{"line":8,"column":37}},"3":{"start":{"line":9,"column":17},"end":{"line":9,"column":67}},"4":{"start":{"line":10,"column":4},"end":{"line":10,"column":37}},"5":{"start":{"line":11,"column":4},"end":{"line":11,"column":31}}},"fnMap":{"0":{"name":"(anonymous_0)","decl":{"start":{"line":5,"column":16},"end":{"line":5,"column":17}},"loc":{"start":{"line":5,"column":33},"end":{"line":13,"column":1}},"line":5}},"branchMap":{"0":{"loc":{"start":{"line":7,"column":2},"end":{"line":12,"column":3}},"type":"if","locations":[{"start":{"line":7,"column":2},"end":{"line":12,"column":3}},{"start":{},"end":{}}],"line":7}},"s":{"0":3,"1":12,"2":12,"3":12,"4":12,"5":12},"f":{"0":12},"b":{"0":[12,0]},"_coverageSchema":"1a1c01bbd47fc00a2c39e90264f33305004495a9","hash":"3d5a0ad13540efaa802b3caf7c7a73f5c9823e61"}
,"D:\\Harddisk\\ComputerScience\\Microverse\\JavaScript-Networking\\To-do-list-app\\src\\modules\\displayList.js": {"path":"D:\\Harddisk\\ComputerScience\\Microverse\\JavaScript-Networking\\To-do-list-app\\src\\modules\\displayList.js","statementMap":{"0":{"start":{"line":6,"column":20},"end":{"line":77,"column":1}},"1":{"start":{"line":7,"column":21},"end":{"line":7,"column":59}},"2":{"start":{"line":8,"column":2},"end":{"line":8,"column":28}},"3":{"start":{"line":9,"column":2},"end":{"line":20,"column":5}},"4":{"start":{"line":10,"column":4},"end":{"line":19,"column":8}},"5":{"start":{"line":22,"column":21},"end":{"line":32,"column":3}},"6":{"start":{"line":23,"column":4},"end":{"line":31,"column":5}},"7":{"start":{"line":24,"column":6},"end":{"line":24,"column":70}},"8":{"start":{"line":25,"column":6},"end":{"line":25,"column":69}},"9":{"start":{"line":26,"column":11},"end":{"line":31,"column":5}},"10":{"start":{"line":27,"column":6},"end":{"line":30,"column":15}},"11":{"start":{"line":28,"column":8},"end":{"line":28,"column":75}},"12":{"start":{"line":29,"column":8},"end":{"line":29,"column":74}},"13":{"start":{"line":33,"column":26},"end":{"line":33,"column":72}},"14":{"start":{"line":34,"column":25},"end":{"line":34,"column":70}},"15":{"start":{"line":35,"column":25},"end":{"line":35,"column":70}},"16":{"start":{"line":36,"column":18},"end":{"line":36,"column":56}},"17":{"start":{"line":38,"column":22},"end":{"line":61,"column":3}},"18":{"start":{"line":39,"column":4},"end":{"line":60,"column":7}},"19":{"start":{"line":40,"column":6},"end":{"line":59,"column":9}},"20":{"start":{"line":41,"column":8},"end":{"line":41,"column":27}},"21":{"start":{"line":42,"column":19},"end":{"line":42,"column":58}},"22":{"start":{"line":43,"column":8},"end":{"line":58,"column":9}},"23":{"start":{"line":44,"column":10},"end":{"line":44,"column":25}},"24":{"start":{"line":45,"column":10},"end":{"line":45,"column":41}},"25":{"start":{"line":46,"column":15},"end":{"line":58,"column":9}},"26":{"start":{"line":47,"column":10},"end":{"line":47,"column":23}},"27":{"start":{"line":48,"column":15},"end":{"line":58,"column":9}},"28":{"start":{"line":49,"column":31},"end":{"line":49,"column":69}},"29":{"start":{"line":51,"column":10},"end":{"line":57,"column":11}},"30":{"start":{"line":52,"column":12},"end":{"line":52,"column":55}},"31":{"start":{"line":53,"column":12},"end":{"line":53,"column":35}},"32":{"start":{"line":55,"column":12},"end":{"line":55,"column":58}},"33":{"start":{"line":56,"column":12},"end":{"line":56,"column":36}},"34":{"start":{"line":62,"column":19},"end":{"line":70,"column":3}},"35":{"start":{"line":63,"column":4},"end":{"line":69,"column":7}},"36":{"start":{"line":64,"column":6},"end":{"line":68,"column":9}},"37":{"start":{"line":65,"column":8},"end":{"line":65,"column":27}},"38":{"start":{"line":66,"column":19},"end":{"line":66,"column":44}},"39":{"start":{"line":67,"column":8},"end":{"line":67,"column":34}},"40":{"start":{"line":72,"column":2},"end":{"line":72,"column":24}},"41":{"start":{"line":73,"column":2},"end":{"line":73,"column":23}},"42":{"start":{"line":74,"column":2},"end":{"line":74,"column":39}},"43":{"start":{"line":75,"column":2},"end":{"line":75,"column":40}},"44":{"start":{"line":76,"column":2},"end":{"line":76,"column":33}}},"fnMap":{"0":{"name":"(anonymous_0)","decl":{"start":{"line":6,"column":20},"end":{"line":6,"column":21}},"loc":{"start":{"line":6,"column":35},"end":{"line":77,"column":1}},"line":6},"1":{"name":"(anonymous_1)","decl":{"start":{"line":9,"column":20},"end":{"line":9,"column":21}},"loc":{"start":{"line":9,"column":30},"end":{"line":20,"column":3}},"line":9},"2":{"name":"(anonymous_2)","decl":{"start":{"line":22,"column":21},"end":{"line":22,"column":22}},"loc":{"start":{"line":22,"column":40},"end":{"line":32,"column":3}},"line":22},"3":{"name":"(anonymous_3)","decl":{"start":{"line":27,"column":17},"end":{"line":27,"column":18}},"loc":{"start":{"line":27,"column":23},"end":{"line":30,"column":7}},"line":27},"4":{"name":"(anonymous_4)","decl":{"start":{"line":38,"column":22},"end":{"line":38,"column":23}},"loc":{"start":{"line":38,"column":52},"end":{"line":61,"column":3}},"line":38},"5":{"name":"(anonymous_5)","decl":{"start":{"line":39,"column":26},"end":{"line":39,"column":27}},"loc":{"start":{"line":39,"column":36},"end":{"line":60,"column":5}},"line":39},"6":{"name":"(anonymous_6)","decl":{"start":{"line":40,"column":39},"end":{"line":40,"column":40}},"loc":{"start":{"line":40,"column":46},"end":{"line":59,"column":7}},"line":40},"7":{"name":"(anonymous_7)","decl":{"start":{"line":62,"column":19},"end":{"line":62,"column":20}},"loc":{"start":{"line":62,"column":34},"end":{"line":70,"column":3}},"line":62},"8":{"name":"(anonymous_8)","decl":{"start":{"line":63,"column":27},"end":{"line":63,"column":28}},"loc":{"start":{"line":63,"column":38},"end":{"line":69,"column":5}},"line":63},"9":{"name":"(anonymous_9)","decl":{"start":{"line":64,"column":40},"end":{"line":64,"column":41}},"loc":{"start":{"line":64,"column":47},"end":{"line":68,"column":7}},"line":64}},"branchMap":{"0":{"loc":{"start":{"line":23,"column":4},"end":{"line":31,"column":5}},"type":"if","locations":[{"start":{"line":23,"column":4},"end":{"line":31,"column":5}},{"start":{"line":26,"column":11},"end":{"line":31,"column":5}}],"line":23},"1":{"loc":{"start":{"line":26,"column":11},"end":{"line":31,"column":5}},"type":"if","locations":[{"start":{"line":26,"column":11},"end":{"line":31,"column":5}},{"start":{},"end":{}}],"line":26},"2":{"loc":{"start":{"line":43,"column":8},"end":{"line":58,"column":9}},"type":"if","locations":[{"start":{"line":43,"column":8},"end":{"line":58,"column":9}},{"start":{"line":46,"column":15},"end":{"line":58,"column":9}}],"line":43},"3":{"loc":{"start":{"line":46,"column":15},"end":{"line":58,"column":9}},"type":"if","locations":[{"start":{"line":46,"column":15},"end":{"line":58,"column":9}},{"start":{"line":48,"column":15},"end":{"line":58,"column":9}}],"line":46},"4":{"loc":{"start":{"line":48,"column":15},"end":{"line":58,"column":9}},"type":"if","locations":[{"start":{"line":48,"column":15},"end":{"line":58,"column":9}},{"start":{},"end":{}}],"line":48},"5":{"loc":{"start":{"line":51,"column":10},"end":{"line":57,"column":11}},"type":"if","locations":[{"start":{"line":51,"column":10},"end":{"line":57,"column":11}},{"start":{"line":54,"column":17},"end":{"line":57,"column":11}}],"line":51}},"s":{"0":2,"1":2,"2":2,"3":2,"4":4,"5":2,"6":0,"7":0,"8":0,"9":0,"10":0,"11":0,"12":0,"13":2,"14":2,"15":2,"16":2,"17":2,"18":6,"19":12,"20":0,"21":0,"22":0,"23":0,"24":0,"25":0,"26":0,"27":0,"28":0,"29":0,"30":0,"31":0,"32":0,"33":0,"34":2,"35":4,"36":8,"37":0,"38":0,"39":0,"40":2,"41":2,"42":2,"43":2,"44":2},"f":{"0":2,"1":4,"2":0,"3":0,"4":6,"5":12,"6":0,"7":4,"8":8,"9":0},"b":{"0":[0,0],"1":[0,0],"2":[0,0],"3":[0,0],"4":[0,0],"5":[0,0]},"_coverageSchema":"1a1c01bbd47fc00a2c39e90264f33305004495a9","hash":"0b23f42a29cee7507c3eb0ad814155143118a2ce"}
,"D:\\Harddisk\\ComputerScience\\Microverse\\JavaScript-Networking\\To-do-list-app\\src\\modules\\editTask.js": {"path":"D:\\Harddisk\\ComputerScience\\Microverse\\JavaScript-Networking\\To-do-list-app\\src\\modules\\editTask.js","statementMap":{"0":{"start":{"line":4,"column":17},"end":{"line":13,"column":1}},"1":{"start":{"line":5,"column":19},"end":{"line":5,"column":57}},"2":{"start":{"line":6,"column":2},"end":{"line":6,"column":36}},"3":{"start":{"line":7,"column":2},"end":{"line":12,"column":5}},"4":{"start":{"line":8,"column":4},"end":{"line":8,"column":23}},"5":{"start":{"line":9,"column":22},"end":{"line":9,"column":39}},"6":{"start":{"line":10,"column":4},"end":{"line":10,"column":57}},"7":{"start":{"line":11,"column":4},"end":{"line":11,"column":31}}},"fnMap":{"0":{"name":"(anonymous_0)","decl":{"start":{"line":4,"column":17},"end":{"line":4,"column":18}},"loc":{"start":{"line":4,"column":25},"end":{"line":13,"column":1}},"line":4},"1":{"name":"(anonymous_1)","decl":{"start":{"line":7,"column":42},"end":{"line":7,"column":43}},"loc":{"start":{"line":7,"column":49},"end":{"line":12,"column":3}},"line":7}},"branchMap":{},"s":{"0":2,"1":1,"2":1,"3":1,"4":0,"5":0,"6":0,"7":0},"f":{"0":1,"1":0},"b":{},"_coverageSchema":"1a1c01bbd47fc00a2c39e90264f33305004495a9","hash":"6b6650b2c137fd326134539231956deac00a855e"}
,"D:\\Harddisk\\ComputerScience\\Microverse\\JavaScript-Networking\\To-do-list-app\\src\\modules\\getStorage.js": {"path":"D:\\Harddisk\\ComputerScience\\Microverse\\JavaScript-Networking\\To-do-list-app\\src\\modules\\getStorage.js","statementMap":{"0":{"start":{"line":1,"column":24},"end":{"line":7,"column":1}},"1":{"start":{"line":3,"column":2},"end":{"line":5,"column":3}},"2":{"start":{"line":4,"column":4},"end":{"line":4,"column":56}},"3":{"start":{"line":6,"column":2},"end":{"line":6,"column":12}}},"fnMap":{"0":{"name":"(anonymous_0)","decl":{"start":{"line":1,"column":24},"end":{"line":1,"column":25}},"loc":{"start":{"line":1,"column":30},"end":{"line":7,"column":1}},"line":1}},"branchMap":{"0":{"loc":{"start":{"line":3,"column":2},"end":{"line":5,"column":3}},"type":"if","locations":[{"start":{"line":3,"column":2},"end":{"line":5,"column":3}},{"start":{},"end":{}}],"line":3}},"s":{"0":3,"1":25,"2":23,"3":2},"f":{"0":25},"b":{"0":[23,2]},"_coverageSchema":"1a1c01bbd47fc00a2c39e90264f33305004495a9","hash":"8dfa484859208d1d1f1b2ecac6ebc13e10fe5270"}
,"D:\\Harddisk\\ComputerScience\\Microverse\\JavaScript-Networking\\To-do-list-app\\src\\modules\\removeTask.js": {"path":"D:\\Harddisk\\ComputerScience\\Microverse\\JavaScript-Networking\\To-do-list-app\\src\\modules\\removeTask.js","statementMap":{"0":{"start":{"line":5,"column":19},"end":{"line":14,"column":1}},"1":{"start":{"line":6,"column":18},"end":{"line":6,"column":35}},"2":{"start":{"line":7,"column":2},"end":{"line":11,"column":3}},"3":{"start":{"line":8,"column":4},"end":{"line":8,"column":59}},"4":{"start":{"line":8,"column":43},"end":{"line":8,"column":57}},"5":{"start":{"line":10,"column":4},"end":{"line":10,"column":60}},"6":{"start":{"line":10,"column":43},"end":{"line":10,"column":58}},"7":{"start":{"line":12,"column":2},"end":{"line":12,"column":25}},"8":{"start":{"line":13,"column":2},"end":{"line":13,"column":29}}},"fnMap":{"0":{"name":"(anonymous_0)","decl":{"start":{"line":5,"column":19},"end":{"line":5,"column":20}},"loc":{"start":{"line":5,"column":27},"end":{"line":14,"column":1}},"line":5},"1":{"name":"(anonymous_1)","decl":{"start":{"line":8,"column":33},"end":{"line":8,"column":34}},"loc":{"start":{"line":8,"column":43},"end":{"line":8,"column":57}},"line":8},"2":{"name":"(anonymous_2)","decl":{"start":{"line":10,"column":33},"end":{"line":10,"column":34}},"loc":{"start":{"line":10,"column":43},"end":{"line":10,"column":58}},"line":10}},"branchMap":{"0":{"loc":{"start":{"line":7,"column":2},"end":{"line":11,"column":3}},"type":"if","locations":[{"start":{"line":7,"column":2},"end":{"line":11,"column":3}},{"start":{"line":9,"column":9},"end":{"line":11,"column":3}}],"line":7}},"s":{"0":3,"1":3,"2":3,"3":2,"4":4,"5":1,"6":3,"7":3,"8":3},"f":{"0":3,"1":4,"2":3},"b":{"0":[2,1]},"_coverageSchema":"1a1c01bbd47fc00a2c39e90264f33305004495a9","hash":"23a2c38681440aa00a040b84312f4031ea275556"}
,"D:\\Harddisk\\ComputerScience\\Microverse\\JavaScript-Networking\\To-do-list-app\\src\\modules\\setStorage.js": {"path":"D:\\Harddisk\\ComputerScience\\Microverse\\JavaScript-Networking\\To-do-list-app\\src\\modules\\setStorage.js","statementMap":{"0":{"start":{"line":2,"column":24},"end":{"line":4,"column":1}},"1":{"start":{"line":3,"column":2},"end":{"line":3,"column":62}}},"fnMap":{"0":{"name":"(anonymous_0)","decl":{"start":{"line":2,"column":24},"end":{"line":2,"column":25}},"loc":{"start":{"line":2,"column":39},"end":{"line":4,"column":1}},"line":2}},"branchMap":{},"s":{"0":3,"1":22},"f":{"0":22},"b":{},"_coverageSchema":"1a1c01bbd47fc00a2c39e90264f33305004495a9","hash":"b7c8633f4145eee1de4756021b3b1568bf4839df"}
,"D:\\Harddisk\\ComputerScience\\Microverse\\JavaScript-Networking\\To-do-list-app\\src\\modules\\updateArray.js": {"path":"D:\\Harddisk\\ComputerScience\\Microverse\\JavaScript-Networking\\To-do-list-app\\src\\modules\\updateArray.js","statementMap":{"0":{"start":{"line":1,"column":20},"end":{"line":5,"column":1}},"1":{"start":{"line":2,"column":2},"end":{"line":4,"column":5}},"2":{"start":{"line":3,"column":4},"end":{"line":3,"column":42}}},"fnMap":{"0":{"name":"(anonymous_0)","decl":{"start":{"line":1,"column":20},"end":{"line":1,"column":21}},"loc":{"start":{"line":1,"column":35},"end":{"line":5,"column":1}},"line":1},"1":{"name":"(anonymous_1)","decl":{"start":{"line":2,"column":20},"end":{"line":2,"column":21}},"loc":{"start":{"line":2,"column":30},"end":{"line":4,"column":3}},"line":2}},"branchMap":{},"s":{"0":3,"1":3,"2":3},"f":{"0":3,"1":3},"b":{},"_coverageSchema":"1a1c01bbd47fc00a2c39e90264f33305004495a9","hash":"1e02a1e27c1ccef48ff708b41e1eb0932170f9f1"}
,"D:\\Harddisk\\ComputerScience\\Microverse\\JavaScript-Networking\\To-do-list-app\\src\\modules\\updateStatus.js": {"path":"D:\\Harddisk\\ComputerScience\\Microverse\\JavaScript-Networking\\To-do-list-app\\src\\modules\\updateStatus.js","statementMap":{"0":{"start":{"line":4,"column":21},"end":{"line":8,"column":1}},"1":{"start":{"line":5,"column":20},"end":{"line":5,"column":37}},"2":{"start":{"line":6,"column":2},"end":{"line":6,"column":37}},"3":{"start":{"line":7,"column":2},"end":{"line":7,"column":29}}},"fnMap":{"0":{"name":"(anonymous_0)","decl":{"start":{"line":4,"column":21},"end":{"line":4,"column":22}},"loc":{"start":{"line":4,"column":35},"end":{"line":8,"column":1}},"line":4}},"branchMap":{},"s":{"0":2,"1":3,"2":3,"3":3},"f":{"0":3},"b":{},"_coverageSchema":"1a1c01bbd47fc00a2c39e90264f33305004495a9","hash":"eeeccf4242e2d37d47bf6ca0fe98429941c332e9"}
}
